08/07/2020 12:13:55  Sign_in
08/07/2020 12:13:59  Select : MAGE as first selected hero
08/07/2020 12:14:03  Click_Button : Status Button
08/07/2020 12:14:03  Navigate : Status
08/07/2020 12:14:06  Click_Button : Exit Button
08/07/2020 12:14:06  Navigate : Main Menu
08/07/2020 12:14:13  Click_Button : Play Button
08/07/2020 12:14:16  Click_Button : Start Button
08/07/2020 12:14:16  Start the Battle
08/07/2020 12:14:21  Click_Button : NextTurn Button
08/07/2020 12:14:23  Click_Button : NextTurn Button
08/07/2020 12:14:27  Click_Button : NextTurn Button
08/07/2020 12:14:30  Click_Button : NextTurn Button
08/07/2020 12:14:48  Click_Button : NextTurn Button
08/07/2020 12:14:53  Click_Button : Back Button
08/07/2020 12:14:54  Click_Button : Play Button
08/07/2020 12:14:57  Click_Button : Start Button
08/07/2020 12:14:57  Start the Battle
08/07/2020 12:15:13  Play : played card "FieryWarAxe"
08/07/2020 12:15:21  Click_Button : Back Button
08/07/2020 12:15:22  Click_Button : Play Button
08/07/2020 12:15:51  Click_Button : Back Button
08/07/2020 12:15:51  Navigate : Main Menu
08/07/2020 12:15:53  Click_Button : Play Button
08/07/2020 12:15:59  Click_Button : Back Button
08/07/2020 12:15:59  Navigate : Main Menu
08/07/2020 12:16:01  Click_Button : Play Button
08/07/2020 12:16:04  Click_Button : Back Button
08/07/2020 12:16:04  Navigate : Main Menu
08/07/2020 12:16:06  Click_Button : Play Button
08/07/2020 12:16:09  Click_Button : Start Button
08/07/2020 12:16:09  Start the Battle
08/07/2020 12:16:15  Play : played card "Lachin"
08/07/2020 12:16:15  Click_Button : NextTurn Button
08/07/2020 12:16:21  Play : played card "ArcaniteReaper"
08/07/2020 12:18:30  Sign_in
08/07/2020 12:18:31  Click_Button : Play Button
08/07/2020 12:18:33  Click_Button : Back Button
08/07/2020 12:18:33  Navigate : Main Menu
08/07/2020 12:18:34  Click_Button : Play Button
08/07/2020 12:18:36  Click_Button : Start Button
08/07/2020 12:18:36  Start the Battle
08/07/2020 12:18:40  Play : played card "Mobin"
08/07/2020 12:18:41  Click_Button : NextTurn Button
08/07/2020 12:18:59  Play : played card "FieryWarAxe"
08/07/2020 12:19:47  Click_Button : NextTurn Button
08/07/2020 12:19:50  Click_Button : NextTurn Button
08/07/2020 12:19:55  Play : played card "Benyamin"
08/07/2020 12:20:02  Play : played card "AghaHaghi"
08/07/2020 12:20:08  Click_Button : NextTurn Button
08/07/2020 12:20:14  Play : played card "FieryWarAxe"
08/07/2020 12:20:18  Click_Button : NextTurn Button
08/07/2020 12:21:16  Click_Button : NextTurn Button
08/07/2020 12:21:19  Click_Button : NextTurn Button
08/07/2020 12:21:21  Click_Button : NextTurn Button
08/07/2020 12:21:23  Click_Button : NextTurn Button
08/07/2020 12:21:23  Click_Button : NextTurn Button
08/07/2020 12:21:27  Play : played card "Khashayar"
08/07/2020 12:21:29  Click_Button : NextTurn Button
08/07/2020 12:21:30  Click_Button : NextTurn Button
08/07/2020 12:21:32  Click_Button : NextTurn Button
08/07/2020 12:21:38  Play : played card "Mobin"
08/07/2020 12:21:39  Click_Button : NextTurn Button
08/07/2020 12:21:56  Click_Button : NextTurn Button
08/07/2020 12:21:56  Click_Button : NextTurn Button
08/07/2020 12:23:43  Sign_in
08/07/2020 12:23:44  Click_Button : Play Button
08/07/2020 12:23:46  Click_Button : Start Button
08/07/2020 12:23:46  Start the Battle
08/07/2020 12:23:49  Play : played card "SwarmOfCats"
08/07/2020 12:23:51  Click_Button : NextTurn Button
08/07/2020 12:23:55  Play : played card "FieryWarAxe"
08/07/2020 12:24:00  Play : played card "Benyamin"
08/07/2020 12:24:17  Click_Button : Back Button
08/07/2020 12:24:18  Click_Button : Play Button
08/07/2020 12:24:24  Click_Button : Start Button
08/07/2020 12:24:24  Start the Battle
08/07/2020 12:24:29  Play : played card "Hossein"
08/07/2020 12:24:30  Click_Button : NextTurn Button
08/07/2020 12:24:32  Click_Button : NextTurn Button
08/07/2020 12:24:32  Click_Button : NextTurn Button
08/07/2020 12:24:33  Click_Button : NextTurn Button
08/07/2020 12:24:33  Click_Button : NextTurn Button
08/07/2020 12:24:34  Click_Button : NextTurn Button
08/07/2020 12:24:35  Click_Button : NextTurn Button
08/07/2020 12:24:36  Click_Button : NextTurn Button
08/07/2020 12:24:36  Click_Button : NextTurn Button
08/07/2020 12:24:37  Click_Button : NextTurn Button
08/07/2020 12:24:37  Click_Button : NextTurn Button
08/07/2020 12:24:39  Click_Button : NextTurn Button
08/07/2020 12:24:39  Click_Button : NextTurn Button
08/07/2020 12:24:40  Click_Button : NextTurn Button
08/07/2020 12:24:40  Click_Button : NextTurn Button
08/07/2020 12:24:44  Play : played card "Benyamin"
08/07/2020 12:26:59  Sign_in
08/07/2020 12:27:00  Click_Button : Play Button
08/07/2020 12:27:02  Click_Button : Start Button
08/07/2020 12:27:02  Start the Battle
08/07/2020 12:27:06  Play : played card "HosseinHima"
08/07/2020 12:27:07  Click_Button : NextTurn Button
08/07/2020 12:27:09  Click_Button : NextTurn Button
08/07/2020 12:27:09  Click_Button : NextTurn Button
08/07/2020 12:27:10  Click_Button : NextTurn Button
08/07/2020 12:27:10  Click_Button : NextTurn Button
08/07/2020 12:27:11  Click_Button : NextTurn Button
08/07/2020 12:27:11  Click_Button : NextTurn Button
08/07/2020 12:27:12  Click_Button : NextTurn Button
08/07/2020 12:27:12  Click_Button : NextTurn Button
08/07/2020 12:27:13  Click_Button : NextTurn Button
08/07/2020 12:27:13  Click_Button : NextTurn Button
08/07/2020 12:27:18  Play : played card "Benyamin"
08/07/2020 12:27:46  Play : played card "FieryWarAxe"
08/07/2020 12:27:52  Play : played card "Khashayar"
08/07/2020 12:27:53  Click_Button : NextTurn Button
08/07/2020 12:27:58  Play : played card "Hossein"
08/07/2020 12:28:02  Click_Button : NextTurn Button
08/07/2020 12:28:08  Play : played card "HosseinHima"
08/07/2020 14:23:38  Sign_in
08/07/2020 14:23:39  Click_Button : Play Button
08/07/2020 14:23:43  Click_Button : Start Button
08/07/2020 14:23:43  Start the Battle
08/07/2020 14:23:47  Play : played card "Lachin"
08/07/2020 14:23:52  Play : played card "Cookie"
08/07/2020 14:23:59  Click_Button : NextTurn Button
08/07/2020 14:24:01  Play : played card "AghaHaghi"
08/07/2020 14:24:19  Click_Button : NextTurn Button
08/07/2020 14:24:26  Play : played card "Polymorph"
08/07/2020 14:24:36  Click_Button : NextTurn Button
08/07/2020 15:25:27  Sign_in
08/07/2020 15:25:29  Click_Button : Play Button
08/07/2020 15:25:31  Click_Button : Start Button
08/07/2020 15:25:31  Start the Battle
08/07/2020 15:25:35  Click_Button : Back Button
08/07/2020 15:49:38  Sign_in
08/07/2020 15:49:45  Click_Button : Play Button
08/07/2020 15:49:53  Play : played card "LearnJavadonic"
08/07/2020 15:50:00  Play : played card "HosseinHima"
08/07/2020 15:50:04  Click_Button : NextTurn Button
08/07/2020 15:50:27  Play : played card "Benyamin"
08/07/2020 15:51:04  Play : played card "SwarmOfCats"
08/07/2020 15:51:29  Click_Button : NextTurn Button
08/07/2020 15:51:44  Play : played card "AghaHaghi"
08/07/2020 15:51:45  Click_Button : NextTurn Button
08/07/2020 15:53:10  Sign_in
08/07/2020 15:53:13  Click_Button : Play Button
08/07/2020 15:54:43  Play : played card "LearnJavadonic"
08/07/2020 15:54:44  Click_Button : NextTurn Button
08/07/2020 15:54:50  Play : played card "SwarmOfCats"
08/07/2020 15:54:51  Click_Button : NextTurn Button
08/07/2020 15:54:57  Play : played card "AghaHaghi"
08/07/2020 15:54:59  Play : played card "BookOfSpecters"
08/07/2020 15:55:02  Click_Button : NextTurn Button
08/07/2020 17:28:15  Sign_in
08/07/2020 17:28:16  Click_Button : Play Button
08/07/2020 17:28:18  Click_Button : Start Button
08/07/2020 17:28:18  Start the Battle
08/07/2020 17:28:24  Play : played card "HosseinHima"
